c:\temp\graphics\3d engine\3d engine\debug\vc141.pdb
c:\temp\graphics\3d engine\3d engine\debug\vc141.idb
c:\temp\graphics\3d engine\3d engine\debug\stdafx.obj
c:\temp\graphics\3d engine\3d engine\debug\winmain.obj
c:\temp\graphics\3d engine\3d engine\debug\3d engine.exe.embed.manifest
c:\temp\graphics\3d engine\3d engine\debug\3d engine.exe.intermediate.manifest
c:\temp\graphics\3d engine\3d engine\debug\3d engine.exe.embed.manifest.res
c:\temp\graphics\3d engine\3d engine\debug\vc90.idb
c:\temp\graphics\3d engine\3d engine\debug\3d engine.pdb
c:\temp\graphics\3d engine\3d engine\debug\vc90.pdb
c:\temp\graphics\3d engine\3d engine\debug\3d engine.tlog\cl.command.1.tlog
c:\temp\graphics\3d engine\3d engine\debug\3d engine.tlog\cl.read.1.tlog
c:\temp\graphics\3d engine\3d engine\debug\3d engine.tlog\cl.write.1.tlog
c:\temp\graphics\3d engine\3d engine\debug\3d engine.tlog\link-cvtres.read.1.tlog
c:\temp\graphics\3d engine\3d engine\debug\3d engine.tlog\link-cvtres.write.1.tlog
c:\temp\graphics\3d engine\3d engine\debug\3d engine.tlog\link-rc.read.1.tlog
c:\temp\graphics\3d engine\3d engine\debug\3d engine.tlog\link-rc.write.1.tlog
c:\temp\graphics\3d engine\3d engine\debug\3d engine.tlog\link.command.1.tlog
c:\temp\graphics\3d engine\3d engine\debug\3d engine.tlog\link.read.1.tlog
c:\temp\graphics\3d engine\3d engine\debug\3d engine.tlog\link.write.1.tlog
